Using pre-set license
Built from '2021.3/staging' branch; Version is '2021.3.8f1 (b30333d56e81) revision 11731763'; Using compiler version '192829333'; Build Type 'Release'
OS: 'Windows 10  (10.0.19044) 64bit Professional' Language: 'en' Physical Memory: 32609 MB
BatchMode: 1, IsHumanControllingUs: 0, StartBugReporterOnCrash: 0, Is64bit: 1, IsPro: 1

COMMAND LINE ARGUMENTS:
C:\Program Files\Unity\Editor\2021.3.8f1\Editor\Unity.exe
-adb2
-batchMode
-noUpm
-name
AssetImportWorker2
-projectPath
F:/GameTrain/MegaProject2/Mega Project 2
-logFile
Logs/AssetImportWorker2.log
-srvPort
63868
Successfully changed project path to: F:/GameTrain/MegaProject2/Mega Project 2
F:/GameTrain/MegaProject2/Mega Project 2
[UnityMemory] Configuration Parameters - Can be set up in boot.config
    "memorysetup-bucket-allocator-granularity=16"
    "memorysetup-bucket-allocator-bucket-count=8"
    "memorysetup-bucket-allocator-block-size=33554432"
    "memorysetup-bucket-allocator-block-count=8"
    "memorysetup-main-allocator-block-size=16777216"
    "memorysetup-thread-allocator-block-size=16777216"
    "memorysetup-gfx-main-allocator-block-size=16777216"
    "memorysetup-gfx-thread-allocator-block-size=16777216"
    "memorysetup-cache-allocator-block-size=4194304"
    "memorysetup-typetree-allocator-block-size=2097152"
    "memorysetup-profiler-bucket-allocator-granularity=16"
    "memorysetup-profiler-bucket-allocator-bucket-count=8"
    "memorysetup-profiler-bucket-allocator-block-size=33554432"
    "memorysetup-profiler-bucket-allocator-block-count=8"
    "memorysetup-profiler-allocator-block-size=16777216"
    "memorysetup-profiler-editor-allocator-block-size=1048576"
    "memorysetup-temp-allocator-size-main=16777216"
    "memorysetup-job-temp-allocator-block-size=2097152"
    "memorysetup-job-temp-allocator-block-size-background=1048576"
    "memorysetup-job-temp-allocator-reduction-small-platforms=262144"
    "memorysetup-temp-allocator-size-background-worker=32768"
    "memorysetup-temp-allocator-size-job-worker=262144"
    "memorysetup-temp-allocator-size-preload-manager=33554432"
    "memorysetup-temp-allocator-size-nav-mesh-worker=65536"
    "memorysetup-temp-allocator-size-audio-worker=65536"
    "memorysetup-temp-allocator-size-cloud-worker=32768"
    "memorysetup-temp-allocator-size-gi-baking-worker=262144"
    "memorysetup-temp-allocator-size-gfx=262144"
Refreshing native plugins compatible for Editor in 486.44 ms, found 3 plugins.
Preloading 0 native plugins for Editor in 0.00 ms.
Initialize engine version: 2021.3.8f1 (b30333d56e81)
[Subsystems] Discovering subsystems at path C:/Program Files/Unity/Editor/2021.3.8f1/Editor/Data/Resources/UnitySubsystems
[Subsystems] Discovering subsystems at path F:/GameTrain/MegaProject2/Mega Project 2/Assets
GfxDevice: creating device client; threaded=0; jobified=0
Direct3D:
    Version:  Direct3D 11.0 [level 11.1]
    Renderer: NVIDIA GeForce GTX 1660 Ti with Max-Q Design (ID=0x2191)
    Vendor:   NVIDIA
    VRAM:     5991 MB
    Driver:   31.0.15.1694
Initialize mono
Mono path[0] = 'C:/Program Files/Unity/Editor/2021.3.8f1/Editor/Data/Managed'
Mono path[1] = 'C:/Program Files/Unity/Editor/2021.3.8f1/Editor/Data/MonoBleedingEdge/lib/mono/unityjit-win32'
Mono config path = 'C:/Program Files/Unity/Editor/2021.3.8f1/Editor/Data/MonoBleedingEdge/etc'
Using monoOptions --debugger-agent=transport=dt_socket,embedding=1,server=y,suspend=n,address=127.0.0.1:56728
Begin MonoManager ReloadAssembly
Registering precompiled unity dll's ...
Register platform support module: C:/Program Files/Unity/Editor/2021.3.8f1/Editor/Data/PlaybackEngines/WebGLSupport/UnityEditor.WebGL.Extensions.dll
Register platform support module: C:/Program Files/Unity/Editor/2021.3.8f1/Editor/Data/PlaybackEngines/AndroidPlayer/UnityEditor.Android.Extensions.dll
Register platform support module: C:/Program Files/Unity/Editor/2021.3.8f1/Editor/Data/PlaybackEngines/WindowsStandaloneSupport/UnityEditor.WindowsStandalone.Extensions.dll
Registered in 0.043011 seconds.
Native extension for WindowsStandalone target not found
Native extension for Android target not found
Native extension for WebGL target not found
Refreshing native plugins compatible for Editor in 481.93 ms, found 3 plugins.
Preloading 0 native plugins for Editor in 0.00 ms.
Mono: successfully reloaded assembly
- Completed reload, in  3.713 seconds
Domain Reload Profiling:
	ReloadAssembly (3715ms)
		BeginReloadAssembly (441ms)
			ExecutionOrderSort (0ms)
			DisableScriptedObjects (0ms)
			BackupInstance (0ms)
			ReleaseScriptingObjects (0ms)
			CreateAndSetChildDomain (4ms)
		EndReloadAssembly (2642ms)
			LoadAssemblies (430ms)
			RebuildTransferFunctionScriptingTraits (0ms)
			SetupTypeCache (593ms)
			ReleaseScriptCaches (0ms)
			RebuildScriptCaches (156ms)
			SetupLoadedEditorAssemblies (1598ms)
				LogAssemblyErrors (0ms)
				InitializePlatformSupportModulesInManaged (321ms)
				SetLoadedEditorAssemblies (1ms)
				RefreshPlugins (482ms)
				BeforeProcessingInitializeOnLoad (5ms)
				ProcessInitializeOnLoadAttributes (556ms)
				ProcessInitializeOnLoadMethodAttributes (232ms)
				AfterProcessingInitializeOnLoad (0ms)
				EditorAssembliesLoaded (0ms)
			ExecutionOrderSort2 (0ms)
			AwakeInstancesAfterBackupRestoration (0ms)
Platform modules already initialized, skipping
Registering precompiled user dll's ...
Registered in 0.018341 seconds.
Begin MonoManager ReloadAssembly
Symbol file LoadedFromMemory doesn't match image F:\GameTrain\MegaProject2\Mega Project 2\Library\PackageCache\com.unity.visualscripting@1.7.8\Editor\VisualScripting.Core\Dependencies\YamlDotNet\Unity.VisualScripting.YamlDotNet.dll
Symbol file LoadedFromMemory doesn't match image F:\GameTrain\MegaProject2\Mega Project 2\Library\PackageCache\com.unity.visualscripting@1.7.8\Editor\VisualScripting.Core\Dependencies\DotNetZip\Unity.VisualScripting.IonicZip.dll
Native extension for WindowsStandalone target not found
Native extension for Android target not found
Native extension for WebGL target not found
Refreshing native plugins compatible for Editor in 1.83 ms, found 3 plugins.
Preloading 0 native plugins for Editor in 0.00 ms.
Mono: successfully reloaded assembly
- Completed reload, in  5.741 seconds
Domain Reload Profiling:
	ReloadAssembly (5745ms)
		BeginReloadAssembly (760ms)
			ExecutionOrderSort (0ms)
			DisableScriptedObjects (38ms)
			BackupInstance (0ms)
			ReleaseScriptingObjects (0ms)
			CreateAndSetChildDomain (224ms)
		EndReloadAssembly (4328ms)
			LoadAssemblies (411ms)
			RebuildTransferFunctionScriptingTraits (0ms)
			SetupTypeCache (1544ms)
			ReleaseScriptCaches (2ms)
			RebuildScriptCaches (253ms)
			SetupLoadedEditorAssemblies (1968ms)
				LogAssemblyErrors (0ms)
				InitializePlatformSupportModulesInManaged (86ms)
				SetLoadedEditorAssemblies (3ms)
				RefreshPlugins (2ms)
				BeforeProcessingInitializeOnLoad (503ms)
				ProcessInitializeOnLoadAttributes (1212ms)
				ProcessInitializeOnLoadMethodAttributes (127ms)
				AfterProcessingInitializeOnLoad (34ms)
				EditorAssembliesLoaded (1ms)
			ExecutionOrderSort2 (0ms)
			AwakeInstancesAfterBackupRestoration (26ms)
Platform modules already initialized, skipping
========================================================================
Worker process is ready to serve import requests
Launched and connected shader compiler UnityShaderCompiler.exe after 0.24 seconds
Refreshing native plugins compatible for Editor in 2.84 ms, found 3 plugins.
Preloading 0 native plugins for Editor in 0.00 ms.
Unloading 3379 Unused Serialized files (Serialized files now loaded: 0)
Unloading 27 unused Assets / (110.9 KB). Loaded Objects now: 3838.
Memory consumption went from 116.2 MB to 116.1 MB.
Total: 11.951400 ms (FindLiveObjects: 0.770400 ms CreateObjectMapping: 0.684000 ms MarkObjects: 10.178800 ms  DeleteObjects: 0.315100 ms)

AssetImportParameters requested are different than current active one (requested -> active):
  custom:video-decoder-ogg-theora: a1e56fd34408186e4bbccfd4996cb3dc -> 
  custom:container-muxer-webm: aa71ff27fc2769a1b78a27578f13a17b -> 
  custom:container-demuxer-webm: 4f35f7cbe854078d1ac9338744f61a02 -> 
  custom:video-encoder-webm-vp8: eb34c28f22e8b96e1ab97ce403110664 -> 
  custom:audio-encoder-webm-vorbis: bf7c407c2cedff20999df2af8eb42d56 -> 
  custom:framework-win-MediaFoundation: 216162199b28c13a410421893ffa2e32 -> 
  custom:container-demuxer-ogg: 62fdf1f143b41e24485cea50d1cbac27 -> 
  custom:video-decoder-webm-vp8: 9c59270c3fd7afecdb556c50c9e8de78 -> 
  custom:audio-decoder-ogg-vorbis: bf7c407c2cedff20999df2af8eb42d56 -> 
========================================================================
Received Import Request.
  Time since last request: 90669.102471 seconds.
  path: Assets/PBS Materials Variety Pack/Wooden Boards
  artifactKey: Guid(2a53524bb8fbd6643b3457812c9c823c) Importer(815301076,1909f56bfc062723c751e8b465ee728b)
Start importing Assets/PBS Materials Variety Pack/Wooden Boards using Guid(2a53524bb8fbd6643b3457812c9c823c) Importer(815301076,1909f56bfc062723c751e8b465ee728b)  -> (artifact id: '8351d7eba54ce33c2620ccf71a3f0a4e') in 0.017992 seconds 
========================================================================
Received Import Request.
  Time since last request: 0.076146 seconds.
  path: Assets/PBS Materials Variety Pack/Wooden Boards/Wooden Boards 1.mat
  artifactKey: Guid(d3f56289d53da0747863e6419f9e0a90) Importer(815301076,1909f56bfc062723c751e8b465ee728b)
Start importing Assets/PBS Materials Variety Pack/Wooden Boards/Wooden Boards 1.mat using Guid(d3f56289d53da0747863e6419f9e0a90) Importer(815301076,1909f56bfc062723c751e8b465ee728b)  -> (artifact id: 'a09741f0c59898e297fdea62229c5adf') in 1.773033 seconds 
========================================================================
Received Import Request.
  Time since last request: 32.776772 seconds.
  path: Assets/PBS Materials Variety Pack/Fabric/Fabric 1.mat
  artifactKey: Guid(648a8630c958c0b49af39a9751448a70) Importer(815301076,1909f56bfc062723c751e8b465ee728b)
Start importing Assets/PBS Materials Variety Pack/Fabric/Fabric 1.mat using Guid(648a8630c958c0b49af39a9751448a70) Importer(815301076,1909f56bfc062723c751e8b465ee728b)  -> (artifact id: 'b613d77883774f0d118cec1a528cd4ca') in 0.066917 seconds 
========================================================================
Received Import Request.
  Time since last request: 0.000056 seconds.
  path: Assets/PBS Materials Variety Pack/Paint/Paint 1.mat
  artifactKey: Guid(fcf39a428c6cbfb48b1aca53c52bb11f) Importer(815301076,1909f56bfc062723c751e8b465ee728b)
Start importing Assets/PBS Materials Variety Pack/Paint/Paint 1.mat using Guid(fcf39a428c6cbfb48b1aca53c52bb11f) Importer(815301076,1909f56bfc062723c751e8b465ee728b)  -> (artifact id: '06f483adeefaa035c6eede7dc54c0d61') in 0.069836 seconds 
========================================================================
Received Import Request.
  Time since last request: 0.000072 seconds.
  path: Assets/PBS Materials Variety Pack/Grass/Grass 2.mat
  artifactKey: Guid(fb4eff07285c4624aa470e9485820c5e) Importer(815301076,1909f56bfc062723c751e8b465ee728b)
Start importing Assets/PBS Materials Variety Pack/Grass/Grass 2.mat using Guid(fb4eff07285c4624aa470e9485820c5e) Importer(815301076,1909f56bfc062723c751e8b465ee728b)  -> (artifact id: 'ed36371ebcd125f93c306dc4c622f24b') in 1.113520 seconds 
========================================================================
Received Import Request.
  Time since last request: 0.000063 seconds.
  path: Assets/PBS Materials Variety Pack/Glass/Glass 3.mat
  artifactKey: Guid(6dcf759867bfc4ef0b52caed976f7996) Importer(815301076,1909f56bfc062723c751e8b465ee728b)
Start importing Assets/PBS Materials Variety Pack/Glass/Glass 3.mat using Guid(6dcf759867bfc4ef0b52caed976f7996) Importer(815301076,1909f56bfc062723c751e8b465ee728b)  -> (artifact id: '11154a77502cb82809c8d52a155ebe21') in 1.392622 seconds 
========================================================================
Received Import Request.
  Time since last request: 0.000082 seconds.
  path: Assets/PBS Materials Variety Pack/zzz/skybox.mat
  artifactKey: Guid(e1c73270349e64a1a8563b6a60d21a89) Importer(815301076,1909f56bfc062723c751e8b465ee728b)
Start importing Assets/PBS Materials Variety Pack/zzz/skybox.mat using Guid(e1c73270349e64a1a8563b6a60d21a89) Importer(815301076,1909f56bfc062723c751e8b465ee728b)  -> (artifact id: 'f2fa3b38aace0d66aac5c1565e2578cd') in 0.257142 seconds 
========================================================================
Received Import Request.
  Time since last request: 0.000078 seconds.
  path: Assets/PBS Materials Variety Pack/Tiles/Tile 2.mat
  artifactKey: Guid(8f6f9b3ffeb5f8943842a4e2d73561fe) Importer(815301076,1909f56bfc062723c751e8b465ee728b)
Start importing Assets/PBS Materials Variety Pack/Tiles/Tile 2.mat using Guid(8f6f9b3ffeb5f8943842a4e2d73561fe) Importer(815301076,1909f56bfc062723c751e8b465ee728b)  -> (artifact id: '369a147dd400f6b02a5cdeb52ba527b0') in 1.411818 seconds 
========================================================================
Received Import Request.
  Time since last request: 0.000093 seconds.
  path: Assets/PBS Materials Variety Pack/Dirt/Dirt 5.mat
  artifactKey: Guid(e98f7032f5078884f804a99f39beb57b) Importer(815301076,1909f56bfc062723c751e8b465ee728b)
Start importing Assets/PBS Materials Variety Pack/Dirt/Dirt 5.mat using Guid(e98f7032f5078884f804a99f39beb57b) Importer(815301076,1909f56bfc062723c751e8b465ee728b)  -> (artifact id: '16b33f0b8201dca4b62c5b7c8df9db33') in 0.098769 seconds 
========================================================================
Received Import Request.
  Time since last request: 0.000074 seconds.
  path: Assets/PBS Materials Variety Pack/Dirt/Dirt 7.mat
  artifactKey: Guid(bb62c590d666cfa48ba26782c6c46f03) Importer(815301076,1909f56bfc062723c751e8b465ee728b)
Start importing Assets/PBS Materials Variety Pack/Dirt/Dirt 7.mat using Guid(bb62c590d666cfa48ba26782c6c46f03) Importer(815301076,1909f56bfc062723c751e8b465ee728b)  -> (artifact id: '72bcba3a3f9977aed8e59d90514da9da') in 0.056770 seconds 
========================================================================
Received Import Request.
  Time since last request: 0.000056 seconds.
  path: Assets/PBS Materials Variety Pack/Dirt/Dirt 3.mat
  artifactKey: Guid(01defa9ac4f73d5409cd3d2febe6f0ac) Importer(815301076,1909f56bfc062723c751e8b465ee728b)
Start importing Assets/PBS Materials Variety Pack/Dirt/Dirt 3.mat using Guid(01defa9ac4f73d5409cd3d2febe6f0ac) Importer(815301076,1909f56bfc062723c751e8b465ee728b)  -> (artifact id: '35fd693f7a0f05ae34257e47bc921ce5') in 0.076349 seconds 
========================================================================
Received Import Request.
  Time since last request: 0.000068 seconds.
  path: Assets/PBS Materials Variety Pack/zzz/coming_soon.mat
  artifactKey: Guid(9f810ed2bf8164286a3c20372abf2a65) Importer(815301076,1909f56bfc062723c751e8b465ee728b)
Start importing Assets/PBS Materials Variety Pack/zzz/coming_soon.mat using Guid(9f810ed2bf8164286a3c20372abf2a65) Importer(815301076,1909f56bfc062723c751e8b465ee728b)  -> (artifact id: '0f41c9d1ca998872fbc120ee082df458') in 0.565725 seconds 
========================================================================
Received Import Request.
  Time since last request: 0.000103 seconds.
  path: Assets/PBS Materials Variety Pack/Brick/Brick 5.mat
  artifactKey: Guid(be1fb31c7813d794ca0bb3056f583534) Importer(815301076,1909f56bfc062723c751e8b465ee728b)
Start importing Assets/PBS Materials Variety Pack/Brick/Brick 5.mat using Guid(be1fb31c7813d794ca0bb3056f583534) Importer(815301076,1909f56bfc062723c751e8b465ee728b)  -> (artifact id: '2a907f9a4c3cf2ddb31e3e72e1e840aa') in 0.062853 seconds 
========================================================================
Received Import Request.
  Time since last request: 0.000086 seconds.
  path: Assets/PBS Materials Variety Pack/Concrete/Concrete 1.mat
  artifactKey: Guid(c81638b3753872e499b7d86a071b6e32) Importer(815301076,1909f56bfc062723c751e8b465ee728b)
Start importing Assets/PBS Materials Variety Pack/Concrete/Concrete 1.mat using Guid(c81638b3753872e499b7d86a071b6e32) Importer(815301076,1909f56bfc062723c751e8b465ee728b)  -> (artifact id: 'e0d547ace68e9f9798385c8e3183115a') in 0.085015 seconds 
========================================================================
Received Import Request.
  Time since last request: 0.000065 seconds.
  path: Assets/PBS Materials Variety Pack/Carpet/Carpet 1.mat
  artifactKey: Guid(157c47e0c183e304d98ecf181ace8326) Importer(815301076,1909f56bfc062723c751e8b465ee728b)
Start importing Assets/PBS Materials Variety Pack/Carpet/Carpet 1.mat using Guid(157c47e0c183e304d98ecf181ace8326) Importer(815301076,1909f56bfc062723c751e8b465ee728b)  -> (artifact id: '45ec108c2e15f6794df0aeedee664abc') in 0.054907 seconds 
========================================================================
Received Import Request.
  Time since last request: 0.000064 seconds.
  path: Assets/PBS Materials Variety Pack/Brick/Brick 10.mat
  artifactKey: Guid(526718f8ee174804798ec72a5b8dc406) Importer(815301076,1909f56bfc062723c751e8b465ee728b)
Start importing Assets/PBS Materials Variety Pack/Brick/Brick 10.mat using Guid(526718f8ee174804798ec72a5b8dc406) Importer(815301076,1909f56bfc062723c751e8b465ee728b)  -> (artifact id: 'c5d29f2bdcf88068ee348552784fe7ab') in 0.058591 seconds 
Editor requested this worker to shutdown with reason: Scaling down because of idle timeout
AssetImportWorker is now disconnected from the server
Process exiting
Exiting without the bug reporter. Application will terminate with return code 0